  ssol.cpp
E:\3 курс\АК\Курсова робота\ProjectsVS(asol_ssol)\ssol\ssol.cpp(118,11): warning C4477: 'printf' : format string '%d' requires an argument of type 'int', but variadic argument 1 has type '__int64'
E:\3 курс\АК\Курсова робота\ProjectsVS(asol_ssol)\ssol\ssol.cpp(118,11): message : consider using '%lld' in the format string
E:\3 курс\АК\Курсова робота\ProjectsVS(asol_ssol)\ssol\ssol.cpp(118,11): message : consider using '%Id' in the format string
E:\3 курс\АК\Курсова робота\ProjectsVS(asol_ssol)\ssol\ssol.cpp(118,11): message : consider using '%I64d' in the format string
E:\3 курс\АК\Курсова робота\ProjectsVS(asol_ssol)\ssol\ssol.cpp(120,30): warning C4244: '=': conversion from '__int64' to 'int', possible loss of data
E:\3 курс\АК\Курсова робота\ProjectsVS(asol_ssol)\ssol\ssol.cpp(131,30): warning C4244: '=': conversion from '__int64' to 'int', possible loss of data
E:\3 курс\АК\Курсова робота\ProjectsVS(asol_ssol)\ssol\ssol.cpp(142,30): warning C4244: '=': conversion from '__int64' to 'int', possible loss of data
E:\3 курс\АК\Курсова робота\ProjectsVS(asol_ssol)\ssol\ssol.cpp(211,15): warning C4244: '=': conversion from '__int64' to 'int', possible loss of data
E:\3 курс\АК\Курсова робота\ProjectsVS(asol_ssol)\ssol\ssol.cpp(235,11): warning C4477: 'printf' : format string '%lli' requires an argument of type '__int64', but variadic argument 1 has type 'int'
E:\3 курс\АК\Курсова робота\ProjectsVS(asol_ssol)\ssol\ssol.cpp(235,11): message : consider using '%i' in the format string
E:\3 курс\АК\Курсова робота\ProjectsVS(asol_ssol)\ssol\ssol.cpp(235,11): message : consider using '%I32i' in the format string
E:\3 курс\АК\Курсова робота\ProjectsVS(asol_ssol)\ssol\ssol.cpp(254,10): warning C4477: 'printf' : format string '%lld' requires an argument of type '__int64', but variadic argument 1 has type 'int'
E:\3 курс\АК\Курсова робота\ProjectsVS(asol_ssol)\ssol\ssol.cpp(254,10): message : consider using '%d' in the format string
E:\3 курс\АК\Курсова робота\ProjectsVS(asol_ssol)\ssol\ssol.cpp(254,10): message : consider using '%I32d' in the format string
x64\Release\ssol.obj : warning LNK4042: object specified more than once; extras ignored
  Generating code
  4 of 12 functions (33.3%) were compiled, the rest were copied from previous compilation.
    1 functions were new in current compilation
    0 functions had inline decision re-evaluated but remain unchanged
  Finished generating code
  ssol.vcxproj -> E:\3 курс\АК\Курсова робота\ProjectsVS(asol_ssol)\ssol\x64\Release\ssol.exe
